TN:
SF:server.js
FN:33,(anonymous_0)
FN:45,(anonymous_1)
FN:50,(anonymous_2)
FN:51,(anonymous_3)
FN:59,(anonymous_4)
FN:80,(anonymous_5)
FN:81,(anonymous_6)
FN:91,(anonymous_7)
FN:101,(anonymous_8)
FNF:9
FNH:8
FNDA:3,(anonymous_0)
FNDA:2,(anonymous_1)
FNDA:3,(anonymous_2)
FNDA:7,(anonymous_3)
FNDA:3,(anonymous_4)
FNDA:2,(anonymous_5)
FNDA:7,(anonymous_6)
FNDA:1,(anonymous_7)
FNDA:0,(anonymous_8)
DA:1,1
DA:2,1
DA:4,1
DA:5,1
DA:7,1
DA:8,1
DA:11,1
DA:30,1
DA:33,1
DA:34,3
DA:45,1
DA:46,2
DA:50,1
DA:51,7
DA:52,3
DA:53,2
DA:55,1
DA:59,1
DA:60,3
DA:62,3
DA:63,1
DA:66,2
DA:75,2
DA:76,2
DA:80,1
DA:81,7
DA:82,2
DA:83,1
DA:86,1
DA:87,1
DA:91,1
DA:92,1
DA:100,1
DA:101,0
DA:102,0
DA:103,0
DA:107,1
LF:37
LH:34
BRDA:5,0,0,1
BRDA:5,0,1,1
BRDA:34,1,0,3
BRDA:34,1,1,2
BRDA:34,1,2,2
BRDA:34,1,3,2
BRDA:34,1,4,2
BRDA:34,1,5,2
BRDA:34,1,6,2
BRDA:34,1,7,2
BRDA:52,2,0,2
BRDA:52,2,1,1
BRDA:62,3,0,1
BRDA:62,3,1,2
BRDA:82,4,0,1
BRDA:82,4,1,1
BRDA:100,5,0,0
BRDA:100,5,1,1
BRF:18
BRH:17
end_of_record
